<?xml version="1.0" encoding="UTF-8"?>
<testsuite xmlns:xsi="http://www.w3.org/2001/XMLSchema-instance" xsi:noNamespaceSchemaLocation="https://maven.apache.org/surefire/maven-surefire-plugin/xsd/surefire-test-report.xsd" name="RunnerClass.I6Runner" time="40.748" tests="7" errors="0" skipped="0" failures="0">
  <properties>
[...]
</properties>
  <testcase name="Contact Us Page Field Validation" classname="i6 - Contact Us Page" time="7.236"/>
  <testcase name="Contact Us Page Email Field Validation #1" classname="i6 - Contact Us Page Email Validation" time="5.531"/>
  <testcase name="Contact Us Page Email Field Validation #2" classname="i6 - Contact Us Page Email Validation" time="5.924"/>
  <testcase name="Contact Us Page Email Field Validation #3" classname="i6 - Contact Us Page Email Validation" time="4.994"/>
  <testcase name="Contact Us Page Email Field Validation #4" classname="i6 - Contact Us Page Email Validation" time="6.022"/>
  <testcase name="Contact Us Page Email Field Validation #5" classname="i6 - Contact Us Page Email Validation" time="5.237"/>
  <testcase name="Contact Us Page Email Field Validation #6" classname="i6 - Contact Us Page Email Validation" time="5.225"/>
</testsuite>